[INFO] Scanning for projects...
[INFO] 
[INFO] ----------------------< com.mindbloom:mindbloom >-----------------------
[INFO] Building MindBloom 1.0
[INFO]   from pom.xml
[INFO] --------------------------------[ war ]---------------------------------
[WARNING] The artifact mysql:mysql-connector-java:jar:8.0.33 has been relocated to com.mysql:mysql-connector-j:jar:8.0.33: MySQL Connector/J artifacts moved to reverse-DNS compliant Maven 2+ coordinates.
[INFO] 
[INFO] --- resources:3.3.1:resources (default-resources) @ mindbloom ---
[INFO] Copying 1 resource from src\main\resources to target\classes
[INFO] 
[INFO] --- compiler:3.13.0:compile (default-compile) @ mindbloom ---
[INFO] Recompiling the module because of changed source code.
[INFO] Compiling 20 source files with javac [debug target 8] to target\classes
[INFO] /C:/Users/HP/TagwaIP/mindbloom/src/main/java/com/mindbloom/security/SecurityConfig.java: C:\Users\HP\TagwaIP\mindbloom\src\main\java\com\mindbloom\security\SecurityConfig.java uses or overrides a deprecated API.
[INFO] /C:/Users/HP/TagwaIP/mindbloom/src/main/java/com/mindbloom/security/SecurityConfig.java: Recompile with -Xlint:deprecation for details.
[INFO] -------------------------------------------------------------
[WARNING] COMPILATION WARNING : 
[INFO] -------------------------------------------------------------
[WARNING] bootstrap class path not set in conjunction with -source 8
[WARNING] source value 8 is obsolete and will be removed in a future release
[WARNING] target value 8 is obsolete and will be removed in a future release
[WARNING] To suppress warnings about obsolete options, use -Xlint:-options.
[INFO] 4 warnings 
[INFO] -------------------------------------------------------------
[INFO] -------------------------------------------------------------
[ERROR] COMPILATION ERROR : 
[INFO] -------------------------------------------------------------
[ERROR] /C:/Users/HP/TagwaIP/mindbloom/src/main/java/com/mindbloom/controller/StudentController.java:[69,15] cannot find symbol
  symbol:   method setResetCode(java.lang.String)
  location: variable person of type com.mindbloom.model.Person
[ERROR] /C:/Users/HP/TagwaIP/mindbloom/src/main/java/com/mindbloom/controller/StudentController.java:[70,15] cannot find symbol
  symbol:   method setResetCodeExpiry(java.time.LocalDateTime)
  location: variable person of type com.mindbloom.model.Person
[ERROR] /C:/Users/HP/TagwaIP/mindbloom/src/main/java/com/mindbloom/controller/StudentController.java:[91,15] cannot find symbol
  symbol:   method getResetCode()
  location: variable person of type com.mindbloom.model.Person
[ERROR] /C:/Users/HP/TagwaIP/mindbloom/src/main/java/com/mindbloom/controller/StudentController.java:[92,16] cannot find symbol
  symbol:   method getResetCode()
  location: variable person of type com.mindbloom.model.Person
[ERROR] /C:/Users/HP/TagwaIP/mindbloom/src/main/java/com/mindbloom/controller/StudentController.java:[93,15] cannot find symbol
  symbol:   method getResetCodeExpiry()
  location: variable person of type com.mindbloom.model.Person
[ERROR] /C:/Users/HP/TagwaIP/mindbloom/src/main/java/com/mindbloom/controller/StudentController.java:[125,11] cannot find symbol
  symbol:   method setResetCode(<nulltype>)
  location: variable person of type com.mindbloom.model.Person
[ERROR] /C:/Users/HP/TagwaIP/mindbloom/src/main/java/com/mindbloom/controller/StudentController.java:[126,11] cannot find symbol
  symbol:   method setResetCodeExpiry(<nulltype>)
  location: variable person of type com.mindbloom.model.Person
[INFO] 7 errors 
[INFO] -------------------------------------------------------------
[INFO] ------------------------------------------------------------------------
[INFO] BUILD FAILURE
[INFO] ------------------------------------------------------------------------
[INFO] Total time:  4.369 s
[INFO] Finished at: 2026-01-02T16:08:00+08:00
[INFO] ------------------------------------------------------------------------
[ERROR] Failed to execute goal org.apache.maven.plugins:maven-compiler-plugin:3.13.0:compile (default-compile) on project mindbloom: Compilation failure: Compilation failure: 
[ERROR] /C:/Users/HP/TagwaIP/mindbloom/src/main/java/com/mindbloom/controller/StudentController.java:[69,15] cannot find symbol
[ERROR]   symbol:   method setResetCode(java.lang.String)
[ERROR]   location: variable person of type com.mindbloom.model.Person
[ERROR] /C:/Users/HP/TagwaIP/mindbloom/src/main/java/com/mindbloom/controller/StudentController.java:[70,15] cannot find symbol
[ERROR]   symbol:   method setResetCodeExpiry(java.time.LocalDateTime)
[ERROR]   location: variable person of type com.mindbloom.model.Person
[ERROR] /C:/Users/HP/TagwaIP/mindbloom/src/main/java/com/mindbloom/controller/StudentController.java:[91,15] cannot find symbol
[ERROR]   symbol:   method getResetCode()
[ERROR]   location: variable person of type com.mindbloom.model.Person
[ERROR] /C:/Users/HP/TagwaIP/mindbloom/src/main/java/com/mindbloom/controller/StudentController.java:[92,16] cannot find symbol
[ERROR]   symbol:   method getResetCode()
[ERROR]   location: variable person of type com.mindbloom.model.Person
[ERROR] /C:/Users/HP/TagwaIP/mindbloom/src/main/java/com/mindbloom/controller/StudentController.java:[93,15] cannot find symbol
[ERROR]   symbol:   method getResetCodeExpiry()
[ERROR]   location: variable person of type com.mindbloom.model.Person
[ERROR] /C:/Users/HP/TagwaIP/mindbloom/src/main/java/com/mindbloom/controller/StudentController.java:[125,11] cannot find symbol
[ERROR]   symbol:   method setResetCode(<nulltype>)
[ERROR]   location: variable person of type com.mindbloom.model.Person
[ERROR] /C:/Users/HP/TagwaIP/mindbloom/src/main/java/com/mindbloom/controller/StudentController.java:[126,11] cannot find symbol
[ERROR]   symbol:   method setResetCodeExpiry(<nulltype>)
[ERROR]   location: variable person of type com.mindbloom.model.Person
[ERROR] -> [Help 1]
[ERROR] 
[ERROR] To see the full stack trace of the errors, re-run Maven with the -e switch.
[ERROR] Re-run Maven using the -X switch to enable full debug logging.
[ERROR] 
[ERROR] For more information about the errors and possible solutions, please read the following articles:
[ERROR] [Help 1] http://cwiki.apache.org/confluence/display/MAVEN/MojoFailureException
